<?xml version="1.0" encoding="UTF-8"?>
<testsuite xmlns:xsi="http://www.w3.org/2001/XMLSchema-instance" xsi:noNamespaceSchemaLocation="https://maven.apache.org/surefire/maven-surefire-plugin/xsd/surefire-test-report.xsd" name="com.wulang.AppTest" time="0.045" tests="1" errors="0" skipped="0" failures="0">
  <properties>
    <property name="sun.desktop" value="windows"/>
    <property name="awt.toolkit" value="sun.awt.windows.WToolkit"/>
    <property name="file.encoding.pkg" value="sun.io"/>
    <property name="java.specification.version" value="1.8"/>
    <property name="sun.cpu.isalist" value="amd64"/>
    <property name="sun.jnu.encoding" value="GBK"/>
    <property name="java.class.path" value="C:\Users\admin\Desktop\IDLE\dubbo-learning\dubbo-api\target\test-classes;C:\Users\admin\Desktop\IDLE\dubbo-learning\dubbo-api\target\classes;C:\Users\admin\.m2\repository\junit\junit\4.11\junit-4.11.jar;C:\Users\admin\.m2\repository\org\hamcrest\hamcrest-core\1.3\hamcrest-core-1.3.jar;C:\Users\admin\.m2\repository\org\springframework\spring-context\4.0.2.RELEASE\spring-context-4.0.2.RELEASE.jar;C:\Users\admin\.m2\repository\org\springframework\spring-aop\4.0.2.RELEASE\spring-aop-4.0.2.RELEASE.jar;C:\Users\admin\.m2\repository\aopalliance\aopalliance\1.0\aopalliance-1.0.jar;C:\Users\admin\.m2\repository\org\springframework\spring-beans\4.0.2.RELEASE\spring-beans-4.0.2.RELEASE.jar;C:\Users\admin\.m2\repository\org\springframework\spring-core\4.0.2.RELEASE\spring-core-4.0.2.RELEASE.jar;C:\Users\admin\.m2\repository\commons-logging\commons-logging\1.1.3\commons-logging-1.1.3.jar;C:\Users\admin\.m2\repository\org\springframework\spring-expression\4.0.2.RELEASE\spring-expression-4.0.2.RELEASE.jar;C:\Users\admin\.m2\repository\org\apache\zookeeper\zookeeper\3.4.6\zookeeper-3.4.6.jar;C:\Users\admin\.m2\repository\org\slf4j\slf4j-api\1.6.1\slf4j-api-1.6.1.jar;C:\Users\admin\.m2\repository\org\slf4j\slf4j-log4j12\1.6.1\slf4j-log4j12-1.6.1.jar;C:\Users\admin\.m2\repository\log4j\log4j\1.2.16\log4j-1.2.16.jar;C:\Users\admin\.m2\repository\jline\jline\0.9.94\jline-0.9.94.jar;C:\Users\admin\.m2\repository\io\netty\netty\3.7.0.Final\netty-3.7.0.Final.jar;C:\Users\admin\.m2\repository\com\alibaba\dubbo\2.5.3\dubbo-2.5.3.jar;C:\Users\admin\.m2\repository\org\springframework\spring\2.5.6.SEC03\spring-2.5.6.SEC03.jar;C:\Users\admin\.m2\repository\org\javassist\javassist\3.15.0-GA\javassist-3.15.0-GA.jar;C:\Users\admin\.m2\repository\org\jboss\netty\netty\3.2.5.Final\netty-3.2.5.Final.jar;C:\Users\admin\.m2\repository\com\github\sgroschupf\zkclient\0.1\zkclient-0.1.jar;"/>
    <property name="java.vm.vendor" value="Oracle Corporation"/>
    <property name="sun.arch.data.model" value="64"/>
    <property name="user.variant" value=""/>
    <property name="java.vendor.url" value="http://java.oracle.com/"/>
    <property name="user.timezone" value=""/>
    <property name="java.vm.specification.version" value="1.8"/>
    <property name="os.name" value="Windows 7"/>
    <property name="user.country" value="CN"/>
    <property name="sun.java.launcher" value="SUN_STANDARD"/>
    <property name="sun.boot.library.path" value="C:\Program Files\Java\jdk1.8.0_144\jre\bin"/>
    <property name="sun.java.command" value="C:\Users\admin\AppData\Local\Temp\surefire4086693619641342202\surefirebooter4508664214730075023.jar C:\Users\admin\AppData\Local\Temp\surefire4086693619641342202 2018-05-02T22-26-51_240-jvmRun1 surefire9011282824018608565tmp surefire_03343169989950758175tmp"/>
    <property name="surefire.test.class.path" value="C:\Users\admin\Desktop\IDLE\dubbo-learning\dubbo-api\target\test-classes;C:\Users\admin\Desktop\IDLE\dubbo-learning\dubbo-api\target\classes;C:\Users\admin\.m2\repository\junit\junit\4.11\junit-4.11.jar;C:\Users\admin\.m2\repository\org\hamcrest\hamcrest-core\1.3\hamcrest-core-1.3.jar;C:\Users\admin\.m2\repository\org\springframework\spring-context\4.0.2.RELEASE\spring-context-4.0.2.RELEASE.jar;C:\Users\admin\.m2\repository\org\springframework\spring-aop\4.0.2.RELEASE\spring-aop-4.0.2.RELEASE.jar;C:\Users\admin\.m2\repository\aopalliance\aopalliance\1.0\aopalliance-1.0.jar;C:\Users\admin\.m2\repository\org\springframework\spring-beans\4.0.2.RELEASE\spring-beans-4.0.2.RELEASE.jar;C:\Users\admin\.m2\repository\org\springframework\spring-core\4.0.2.RELEASE\spring-core-4.0.2.RELEASE.jar;C:\Users\admin\.m2\repository\commons-logging\commons-logging\1.1.3\commons-logging-1.1.3.jar;C:\Users\admin\.m2\repository\org\springframework\spring-expression\4.0.2.RELEASE\spring-expression-4.0.2.RELEASE.jar;C:\Users\admin\.m2\repository\org\apache\zookeeper\zookeeper\3.4.6\zookeeper-3.4.6.jar;C:\Users\admin\.m2\repository\org\slf4j\slf4j-api\1.6.1\slf4j-api-1.6.1.jar;C:\Users\admin\.m2\repository\org\slf4j\slf4j-log4j12\1.6.1\slf4j-log4j12-1.6.1.jar;C:\Users\admin\.m2\repository\log4j\log4j\1.2.16\log4j-1.2.16.jar;C:\Users\admin\.m2\repository\jline\jline\0.9.94\jline-0.9.94.jar;C:\Users\admin\.m2\repository\io\netty\netty\3.7.0.Final\netty-3.7.0.Final.jar;C:\Users\admin\.m2\repository\com\alibaba\dubbo\2.5.3\dubbo-2.5.3.jar;C:\Users\admin\.m2\repository\org\springframework\spring\2.5.6.SEC03\spring-2.5.6.SEC03.jar;C:\Users\admin\.m2\repository\org\javassist\javassist\3.15.0-GA\javassist-3.15.0-GA.jar;C:\Users\admin\.m2\repository\org\jboss\netty\netty\3.2.5.Final\netty-3.2.5.Final.jar;C:\Users\admin\.m2\repository\com\github\sgroschupf\zkclient\0.1\zkclient-0.1.jar;"/>
    <property name="sun.cpu.endian" value="little"/>
    <property name="user.home" value="C:\Users\admin"/>
    <property name="user.language" value="zh"/>
    <property name="java.specification.vendor" value="Oracle Corporation"/>
    <property name="java.home" value="C:\Program Files\Java\jdk1.8.0_144\jre"/>
    <property name="basedir" value="C:\Users\admin\Desktop\IDLE\dubbo-learning\dubbo-api"/>
    <property name="file.separator" value="\"/>
    <property name="line.separator" value="&#10;"/>
    <property name="java.vm.specification.vendor" value="Oracle Corporation"/>
    <property name="java.specification.name" value="Java Platform API Specification"/>
    <property name="java.awt.graphicsenv" value="sun.awt.Win32GraphicsEnvironment"/>
    <property name="surefire.real.class.path" value="C:\Users\admin\AppData\Local\Temp\surefire4086693619641342202\surefirebooter4508664214730075023.jar"/>
    <property name="sun.boot.class.path" value="C:\Program Files\Java\jdk1.8.0_144\jre\lib\resources.jar;C:\Program Files\Java\jdk1.8.0_144\jre\lib\rt.jar;C:\Program Files\Java\jdk1.8.0_144\jre\lib\sunrsasign.jar;C:\Program Files\Java\jdk1.8.0_144\jre\lib\jsse.jar;C:\Program Files\Java\jdk1.8.0_144\jre\lib\jce.jar;C:\Program Files\Java\jdk1.8.0_144\jre\lib\charsets.jar;C:\Program Files\Java\jdk1.8.0_144\jre\lib\jfr.jar;C:\Program Files\Java\jdk1.8.0_144\jre\classes"/>
    <property name="user.script" value=""/>
    <property name="sun.management.compiler" value="HotSpot 64-Bit Tiered Compilers"/>
    <property name="java.runtime.version" value="1.8.0_144-b01"/>
    <property name="user.name" value="admin"/>
    <property name="path.separator" value=";"/>
    <property name="os.version" value="6.1"/>
    <property name="java.endorsed.dirs" value="C:\Program Files\Java\jdk1.8.0_144\jre\lib\endorsed"/>
    <property name="java.runtime.name" value="Java(TM) SE Runtime Environment"/>
    <property name="file.encoding" value="GBK"/>
    <property name="java.vm.name" value="Java HotSpot(TM) 64-Bit Server VM"/>
    <property name="localRepository" value="C:\Users\admin\.m2\repository"/>
    <property name="java.vendor.url.bug" value="http://bugreport.sun.com/bugreport/"/>
    <property name="java.io.tmpdir" value="C:\Users\admin\AppData\Local\Temp\"/>
    <property name="idea.version" value="2017.3.3"/>
    <property name="java.version" value="1.8.0_144"/>
    <property name="user.dir" value="C:\Users\admin\Desktop\IDLE\dubbo-learning\dubbo-api"/>
    <property name="os.arch" value="amd64"/>
    <property name="java.vm.specification.name" value="Java Virtual Machine Specification"/>
    <property name="java.awt.printerjob" value="sun.awt.windows.WPrinterJob"/>
    <property name="sun.os.patch.level" value="Service Pack 1"/>
    <property name="java.library.path" value="C:\Program Files\Java\jdk1.8.0_144\jre\bin;C:\Windows\Sun\Java\bin;C:\Windows\system32;C:\Windows;C:\Program Files\Java\jdk1.8.0_144\bin;C:\Program Files\opencv\build\x64\vc14\bin;C:\Program Files\Java\jdk1.8.0_144\bin;C:\ProgramData\Oracle\Java\javapath;C:\Windows\system32;C:\Windows;C:\Windows\System32\Wbem;C:\Windows\System32\WindowsPowerShell\v1.0\;C:\Program Files (x86)\NVIDIA Corporation\PhysX\Common;C:\Program Files\Microsoft SQL Server\130\Tools\Binn\;E:\Program\Git\Git\cmd;C:\Program Files (x86)\Tesseract-OCR;D:\Program\maven\apache-maven-3.5.2-bin\apache-maven-3.5.2\bin;D:\Google_Download\chromedriver_X64\chromedriver;C:\Users\admin\AppData\Local\Programs\Python\Python36-32\Scripts\;C:\Users\admin\AppData\Local\Programs\Python\Python36-32\;C:\Users\admin\Desktop\adb\platform-tools;C:\Users\admin\AppData\Local\atom\bin;."/>
    <property name="java.vm.info" value="mixed mode"/>
    <property name="java.vendor" value="Oracle Corporation"/>
    <property name="java.vm.version" value="25.144-b01"/>
    <property name="java.ext.dirs" value="C:\Program Files\Java\jdk1.8.0_144\jre\lib\ext;C:\Windows\Sun\Java\lib\ext"/>
    <property name="sun.io.unicode.encoding" value="UnicodeLittle"/>
    <property name="java.class.version" value="52.0"/>
  </properties>
  <testcase name="shouldAnswerWithTrue" classname="com.wulang.AppTest" time="0.002"/>
</testsuite>